<?xml version="1.0" encoding="UTF-8"?>
<!-- Generated by org.testng.reporters.JUnitReportReporter -->
<testsuite hostname="DESKTOP-546DD14" failures="0" tests="1" name="testCases.TC003_LoginTest" time="2.575" errors="0" timestamp="2025-05-06T19:10:09 IST" skipped="0">
  <testcase classname="testCases.TC003_LoginTest" name="testLogin" time="2.575"/>
</testsuite> <!-- testCases.TC003_LoginTest -->
