<?xml version="1.0" encoding="UTF-8"?>
<!-- Generated by org.testng.reporters.JUnitReportReporter -->
<testsuite hostname="DESKTOP-546DD14" failures="0" tests="1" name="testCases.TC004_EndtoEndTestcase" time="6.141" errors="0" timestamp="2025-05-07T19:17:06 IST" skipped="0">
  <testcase classname="testCases.TC004_EndtoEndTestcase" name="testEndtoEnd" time="6.141"/>
</testsuite> <!-- testCases.TC004_EndtoEndTestcase -->
